<?xml version="1.0" encoding="UTF-8"?>
<testng-results retried="2" ignored="68" total="75" passed="5" failed="0" skipped="0">
  <reporter-output>
  </reporter-output>
  <suite started-at="2025-07-17T17:57:31 UTC" name="FROST UI Automation Suite" finished-at="2025-07-17T17:58:15 UTC" duration-ms="44090">
    <groups>
      <group name="regression">
        <method signature="LoginPageTest.InvalidLoginErrorTest()[pri:1, instance:com.qa.testcases.LoginPageTest@4566d049]" name="InvalidLoginErrorTest" class="com.qa.testcases.LoginPageTest"/>
        <method signature="LoginPageTest.LoginWithoutCredentialsErrorTest()[pri:2, instance:com.qa.testcases.LoginPageTest@4566d049]" name="LoginWithoutCredentialsErrorTest" class="com.qa.testcases.LoginPageTest"/>
        <method signature="LoginPageTest.NeedHelpRedirectTest()[pri:3, instance:com.qa.testcases.LoginPageTest@4566d049]" name="NeedHelpRedirectTest" class="com.qa.testcases.LoginPageTest"/>
      </group> <!-- regression -->
      <group name="sanity">
        <method signature="LoginPageTest.LogOutTest()[pri:5, instance:com.qa.testcases.LoginPageTest@4566d049]" name="LogOutTest" class="com.qa.testcases.LoginPageTest"/>
        <method signature="LoginPageTest.ValidLoginTest()[pri:4, instance:com.qa.testcases.LoginPageTest@4566d049]" name="ValidLoginTest" class="com.qa.testcases.LoginPageTest"/>
      </group> <!-- sanity -->
      <group name="Login">
        <method signature="LoginPageTest.InvalidLoginErrorTest()[pri:1, instance:com.qa.testcases.LoginPageTest@4566d049]" name="InvalidLoginErrorTest" class="com.qa.testcases.LoginPageTest"/>
        <method signature="LoginPageTest.LogOutTest()[pri:5, instance:com.qa.testcases.LoginPageTest@4566d049]" name="LogOutTest" class="com.qa.testcases.LoginPageTest"/>
        <method signature="LoginPageTest.LoginWithoutCredentialsErrorTest()[pri:2, instance:com.qa.testcases.LoginPageTest@4566d049]" name="LoginWithoutCredentialsErrorTest" class="com.qa.testcases.LoginPageTest"/>
        <method signature="LoginPageTest.NeedHelpRedirectTest()[pri:3, instance:com.qa.testcases.LoginPageTest@4566d049]" name="NeedHelpRedirectTest" class="com.qa.testcases.LoginPageTest"/>
        <method signature="LoginPageTest.ValidLoginTest()[pri:4, instance:com.qa.testcases.LoginPageTest@4566d049]" name="ValidLoginTest" class="com.qa.testcases.LoginPageTest"/>
      </group> <!-- Login -->
    </groups>
    <test started-at="2025-07-17T17:57:31 UTC" name="UI Test Cases" finished-at="2025-07-17T17:58:15 UTC" duration-ms="44090">
      <class name="com.qa.testcases.LoginPageTest">
        <test-method is-config="true" signature="prepareSuite(java.lang.String)[pri:0, instance:com.qa.testcases.LoginPageTest@4566d049]" started-at="2025-07-17T17:57:30 UTC" name="prepareSuite" finished-at="2025-07-17T17:57:31 UTC" duration-ms="570" status="PASS">
          <params>
            <param index="0">
              <value>
                <![CDATA[FireFox]]>
              </value>
            </param>
          </params>
          <reporter-output>
          </reporter-output>
        </test-method> <!-- prepareSuite -->
        <test-method is-config="true" signature="setUpBase(java.lang.reflect.Method,org.testng.ITestResult,java.lang.String)[pri:0, instance:com.qa.testcases.LoginPageTest@4566d049]" started-at="2025-07-17T17:57:31 UTC" name="setUpBase" finished-at="2025-07-17T17:57:49 UTC" duration-ms="18336" status="PASS">
          <params>
            <param index="0">
              <value>
                <![CDATA[public void com.qa.testcases.LoginPageTest.NeedHelpRedirectTest() throws java.lang.Exception]]>
              </value>
            </param>
            <param index="1">
              <value>
                <![CDATA[[TestResult name={null} status=CREATED method=LoginPageTest.NeedHelpRedirectTest()[pri:3, instance:com.qa.testcases.LoginPageTest@4566d049] output={null}]]]>
              </value>
            </param>
            <param index="2">
              <value>
                <![CDATA[FireFox]]>
              </value>
            </param>
          </params>
          <reporter-output>
          </reporter-output>
        </test-method> <!-- setUpBase -->
        <test-method is-config="true" signature="setUpBase(java.lang.reflect.Method,org.testng.ITestResult,java.lang.String)[pri:0, instance:com.qa.testcases.LoginPageTest@4566d049]" started-at="2025-07-17T17:57:31 UTC" name="setUpBase" finished-at="2025-07-17T17:57:49 UTC" duration-ms="18331" status="PASS">
          <params>
            <param index="0">
              <value>
                <![CDATA[public void com.qa.testcases.LoginPageTest.LoginWithoutCredentialsErrorTest() throws java.lang.Exception]]>
              </value>
            </param>
            <param index="1">
              <value>
                <![CDATA[[TestResult name={null} status=CREATED method=LoginPageTest.LoginWithoutCredentialsErrorTest()[pri:2, instance:com.qa.testcases.LoginPageTest@4566d049] output={null}]]]>
              </value>
            </param>
            <param index="2">
              <value>
                <![CDATA[FireFox]]>
              </value>
            </param>
          </params>
          <reporter-output>
          </reporter-output>
        </test-method> <!-- setUpBase -->
        <test-method is-config="true" signature="setUpBase(java.lang.reflect.Method,org.testng.ITestResult,java.lang.String)[pri:0, instance:com.qa.testcases.LoginPageTest@4566d049]" started-at="2025-07-17T17:57:31 UTC" name="setUpBase" finished-at="2025-07-17T17:57:49 UTC" duration-ms="18402" status="PASS">
          <params>
            <param index="0">
              <value>
                <![CDATA[public void com.qa.testcases.LoginPageTest.InvalidLoginErrorTest() throws java.lang.Exception]]>
              </value>
            </param>
            <param index="1">
              <value>
                <![CDATA[[TestResult name={null} status=CREATED method=LoginPageTest.InvalidLoginErrorTest()[pri:1, instance:com.qa.testcases.LoginPageTest@4566d049] output={null}]]]>
              </value>
            </param>
            <param index="2">
              <value>
                <![CDATA[FireFox]]>
              </value>
            </param>
          </params>
          <reporter-output>
          </reporter-output>
        </test-method> <!-- setUpBase -->
        <test-method is-config="true" signature="navigateToLoginPage(java.lang.reflect.Method)[pri:0, instance:com.qa.testcases.LoginPageTest@4566d049]" started-at="2025-07-17T17:57:49 UTC" name="navigateToLoginPage" finished-at="2025-07-17T17:57:49 UTC" duration-ms="43" status="PASS">
          <params>
            <param index="0">
              <value>
                <![CDATA[public void com.qa.testcases.LoginPageTest.LoginWithoutCredentialsErrorTest() throws java.lang.Exception]]>
              </value>
            </param>
          </params>
          <reporter-output>
          </reporter-output>
        </test-method> <!-- navigateToLoginPage -->
        <test-method is-config="true" signature="navigateToLoginPage(java.lang.reflect.Method)[pri:0, instance:com.qa.testcases.LoginPageTest@4566d049]" started-at="2025-07-17T17:57:49 UTC" name="navigateToLoginPage" finished-at="2025-07-17T17:57:49 UTC" duration-ms="39" status="PASS">
          <params>
            <param index="0">
              <value>
                <![CDATA[public void com.qa.testcases.LoginPageTest.NeedHelpRedirectTest() throws java.lang.Exception]]>
              </value>
            </param>
          </params>
          <reporter-output>
          </reporter-output>
        </test-method> <!-- navigateToLoginPage -->
        <test-method retried="true" signature="NeedHelpRedirectTest()[pri:3, instance:com.qa.testcases.LoginPageTest@4566d049]" started-at="2025-07-17T17:57:49 UTC" name="NeedHelpRedirectTest" finished-at="2025-07-17T17:58:11 UTC" duration-ms="21143" status="SKIP">
          <exception class="java.lang.AssertionError">
            <message>
              <![CDATA[expected [Forgot Password] but found []]]>
            </message>
            <full-stacktrace>
              <![CDATA[java.lang.AssertionError: expected [Forgot Password] but found []
at org.testng.Assert.fail(Assert.java:99)
at org.testng.Assert.failNotEquals(Assert.java:1037)
at org.testng.Assert.assertEqualsImpl(Assert.java:140)
at org.testng.Assert.assertEquals(Assert.java:122)
at org.testng.Assert.assertEquals(Assert.java:629)
at org.testng.Assert.assertEquals(Assert.java:639)
at org.testng.asserts.Assertion$11.doAssert(Assertion.java:186)
at org.testng.asserts.Assertion.executeAssert(Assertion.java:25)
at org.testng.asserts.Assertion.doAssert(Assertion.java:12)
at org.testng.asserts.Assertion.assertEquals(Assertion.java:182)
at com.qa.testcases.LoginPageTest.NeedHelpRedirectTest(LoginPageTest.java:58)
at java.base/jdk.internal.reflect.NativeMethodAccessorImpl.invoke0(Native Method)
at java.base/jdk.internal.reflect.NativeMethodAccessorImpl.invoke(NativeMethodAccessorImpl.java:62)
at java.base/jdk.internal.reflect.DelegatingMethodAccessorImpl.invoke(DelegatingMethodAccessorImpl.java:43)
at java.base/java.lang.reflect.Method.invoke(Method.java:566)
at org.testng.internal.MethodInvocationHelper.invokeMethod(MethodInvocationHelper.java:133)
at org.testng.internal.TestInvoker.invokeMethod(TestInvoker.java:598)
at org.testng.internal.TestInvoker.invokeTestMethod(TestInvoker.java:173)
at org.testng.internal.MethodRunner.runInSequence(MethodRunner.java:46)
at org.testng.internal.TestInvoker$MethodInvocationAgent.invoke(TestInvoker.java:824)
at org.testng.internal.TestInvoker.invokeTestMethods(TestInvoker.java:146)
at org.testng.internal.TestMethodWorker.invokeTestMethods(TestMethodWorker.java:146)
at org.testng.internal.TestMethodWorker.run(TestMethodWorker.java:128)
at java.base/java.util.concurrent.ThreadPoolExecutor.runWorker(ThreadPoolExecutor.java:1128)
at java.base/java.util.concurrent.ThreadPoolExecutor$Worker.run(ThreadPoolExecutor.java:628)
at java.base/java.lang.Thread.run(Thread.java:829)
]]>
            </full-stacktrace>
          </exception> <!-- java.lang.AssertionError -->
          <reporter-output>
          </reporter-output>
        </test-method> <!-- NeedHelpRedirectTest -->
        <test-method retried="true" signature="LoginWithoutCredentialsErrorTest()[pri:2, instance:com.qa.testcases.LoginPageTest@4566d049]" started-at="2025-07-17T17:57:49 UTC" name="LoginWithoutCredentialsErrorTest" finished-at="2025-07-17T17:57:51 UTC" duration-ms="1765" status="SKIP">
          <exception class="java.lang.AssertionError">
            <message>
              <![CDATA[expected [All fields are required.] but found [Login failed. Try again or contact your administrator.]]]>
            </message>
            <full-stacktrace>
              <![CDATA[java.lang.AssertionError: expected [All fields are required.] but found [Login failed. Try again or contact your administrator.]
at org.testng.Assert.fail(Assert.java:99)
at org.testng.Assert.failNotEquals(Assert.java:1037)
at org.testng.Assert.assertEqualsImpl(Assert.java:140)
at org.testng.Assert.assertEquals(Assert.java:122)
at org.testng.Assert.assertEquals(Assert.java:629)
at org.testng.Assert.assertEquals(Assert.java:639)
at org.testng.asserts.Assertion$11.doAssert(Assertion.java:186)
at org.testng.asserts.Assertion.executeAssert(Assertion.java:25)
at org.testng.asserts.Assertion.doAssert(Assertion.java:12)
at org.testng.asserts.Assertion.assertEquals(Assertion.java:182)
at com.qa.testcases.LoginPageTest.LoginWithoutCredentialsErrorTest(LoginPageTest.java:50)
at java.base/jdk.internal.reflect.NativeMethodAccessorImpl.invoke0(Native Method)
at java.base/jdk.internal.reflect.NativeMethodAccessorImpl.invoke(NativeMethodAccessorImpl.java:62)
at java.base/jdk.internal.reflect.DelegatingMethodAccessorImpl.invoke(DelegatingMethodAccessorImpl.java:43)
at java.base/java.lang.reflect.Method.invoke(Method.java:566)
at org.testng.internal.MethodInvocationHelper.invokeMethod(MethodInvocationHelper.java:133)
at org.testng.internal.TestInvoker.invokeMethod(TestInvoker.java:598)
at org.testng.internal.TestInvoker.invokeTestMethod(TestInvoker.java:173)
at org.testng.internal.MethodRunner.runInSequence(MethodRunner.java:46)
at org.testng.internal.TestInvoker$MethodInvocationAgent.invoke(TestInvoker.java:824)
at org.testng.internal.TestInvoker.invokeTestMethods(TestInvoker.java:146)
at org.testng.internal.TestMethodWorker.invokeTestMethods(TestMethodWorker.java:146)
at org.testng.internal.TestMethodWorker.run(TestMethodWorker.java:128)
at java.base/java.util.concurrent.ThreadPoolExecutor.runWorker(ThreadPoolExecutor.java:1128)
at java.base/java.util.concurrent.ThreadPoolExecutor$Worker.run(ThreadPoolExecutor.java:628)
at java.base/java.lang.Thread.run(Thread.java:829)
]]>
            </full-stacktrace>
          </exception> <!-- java.lang.AssertionError -->
          <reporter-output>
          </reporter-output>
        </test-method> <!-- LoginWithoutCredentialsErrorTest -->
        <test-method is-config="true" signature="navigateToLoginPage(java.lang.reflect.Method)[pri:0, instance:com.qa.testcases.LoginPageTest@4566d049]" started-at="2025-07-17T17:57:49 UTC" name="navigateToLoginPage" finished-at="2025-07-17T17:57:49 UTC" duration-ms="2" status="PASS">
          <params>
            <param index="0">
              <value>
                <![CDATA[public void com.qa.testcases.LoginPageTest.InvalidLoginErrorTest() throws java.lang.Exception]]>
              </value>
            </param>
          </params>
          <reporter-output>
          </reporter-output>
        </test-method> <!-- navigateToLoginPage -->
        <test-method signature="InvalidLoginErrorTest()[pri:1, instance:com.qa.testcases.LoginPageTest@4566d049]" started-at="2025-07-17T17:57:49 UTC" name="InvalidLoginErrorTest" finished-at="2025-07-17T17:57:51 UTC" duration-ms="1853" status="PASS">
          <reporter-output>
          </reporter-output>
        </test-method> <!-- InvalidLoginErrorTest -->
        <test-method is-config="true" signature="tearDown()[pri:0, instance:com.qa.testcases.LoginPageTest@4566d049]" started-at="2025-07-17T17:57:51 UTC" name="tearDown" finished-at="2025-07-17T17:57:52 UTC" duration-ms="1042" status="PASS">
          <reporter-output>
          </reporter-output>
        </test-method> <!-- tearDown -->
        <test-method is-config="true" signature="tearDown()[pri:0, instance:com.qa.testcases.LoginPageTest@4566d049]" started-at="2025-07-17T17:57:51 UTC" name="tearDown" finished-at="2025-07-17T17:57:52 UTC" duration-ms="1042" status="PASS">
          <reporter-output>
          </reporter-output>
        </test-method> <!-- tearDown -->
        <test-method is-config="true" signature="setUpBase(java.lang.reflect.Method,org.testng.ITestResult,java.lang.String)[pri:0, instance:com.qa.testcases.LoginPageTest@4566d049]" started-at="2025-07-17T17:57:52 UTC" name="setUpBase" finished-at="2025-07-17T17:57:56 UTC" duration-ms="4029" status="PASS">
          <params>
            <param index="0">
              <value>
                <![CDATA[public void com.qa.testcases.LoginPageTest.LoginWithoutCredentialsErrorTest() throws java.lang.Exception]]>
              </value>
            </param>
            <param index="1">
              <value>
                <![CDATA[[TestResult name={null} status=CREATED method=LoginPageTest.LoginWithoutCredentialsErrorTest()[pri:2, instance:com.qa.testcases.LoginPageTest@4566d049] output={null}]]]>
              </value>
            </param>
            <param index="2">
              <value>
                <![CDATA[FireFox]]>
              </value>
            </param>
          </params>
          <reporter-output>
          </reporter-output>
        </test-method> <!-- setUpBase -->
        <test-method is-config="true" signature="setUpBase(java.lang.reflect.Method,org.testng.ITestResult,java.lang.String)[pri:0, instance:com.qa.testcases.LoginPageTest@4566d049]" started-at="2025-07-17T17:57:52 UTC" name="setUpBase" finished-at="2025-07-17T17:57:57 UTC" duration-ms="4719" status="PASS">
          <params>
            <param index="0">
              <value>
                <![CDATA[public void com.qa.testcases.LoginPageTest.ValidLoginTest() throws java.lang.Exception]]>
              </value>
            </param>
            <param index="1">
              <value>
                <![CDATA[[TestResult name={null} status=CREATED method=LoginPageTest.ValidLoginTest()[pri:4, instance:com.qa.testcases.LoginPageTest@4566d049] output={null}]]]>
              </value>
            </param>
            <param index="2">
              <value>
                <![CDATA[FireFox]]>
              </value>
            </param>
          </params>
          <reporter-output>
          </reporter-output>
        </test-method> <!-- setUpBase -->
        <test-method is-config="true" signature="navigateToLoginPage(java.lang.reflect.Method)[pri:0, instance:com.qa.testcases.LoginPageTest@4566d049]" started-at="2025-07-17T17:57:56 UTC" name="navigateToLoginPage" finished-at="2025-07-17T17:57:56 UTC" duration-ms="4" status="PASS">
          <params>
            <param index="0">
              <value>
                <![CDATA[public void com.qa.testcases.LoginPageTest.LoginWithoutCredentialsErrorTest() throws java.lang.Exception]]>
              </value>
            </param>
          </params>
          <reporter-output>
          </reporter-output>
        </test-method> <!-- navigateToLoginPage -->
        <test-method signature="LoginWithoutCredentialsErrorTest()[pri:2, instance:com.qa.testcases.LoginPageTest@4566d049]" started-at="2025-07-17T17:57:56 UTC" name="LoginWithoutCredentialsErrorTest" finished-at="2025-07-17T17:57:57 UTC" duration-ms="603" status="PASS">
          <reporter-output>
          </reporter-output>
        </test-method> <!-- LoginWithoutCredentialsErrorTest -->
        <test-method is-config="true" signature="tearDown()[pri:0, instance:com.qa.testcases.LoginPageTest@4566d049]" started-at="2025-07-17T17:57:57 UTC" name="tearDown" finished-at="2025-07-17T17:57:58 UTC" duration-ms="888" status="PASS">
          <reporter-output>
          </reporter-output>
        </test-method> <!-- tearDown -->
        <test-method is-config="true" signature="navigateToLoginPage(java.lang.reflect.Method)[pri:0, instance:com.qa.testcases.LoginPageTest@4566d049]" started-at="2025-07-17T17:57:57 UTC" name="navigateToLoginPage" finished-at="2025-07-17T17:57:57 UTC" duration-ms="1" status="PASS">
          <params>
            <param index="0">
              <value>
                <![CDATA[public void com.qa.testcases.LoginPageTest.ValidLoginTest() throws java.lang.Exception]]>
              </value>
            </param>
          </params>
          <reporter-output>
          </reporter-output>
        </test-method> <!-- navigateToLoginPage -->
        <test-method signature="ValidLoginTest()[pri:4, instance:com.qa.testcases.LoginPageTest@4566d049]" started-at="2025-07-17T17:57:57 UTC" name="ValidLoginTest" finished-at="2025-07-17T17:58:00 UTC" duration-ms="3054" status="PASS">
          <reporter-output>
          </reporter-output>
        </test-method> <!-- ValidLoginTest -->
        <test-method is-config="true" signature="setUpBase(java.lang.reflect.Method,org.testng.ITestResult,java.lang.String)[pri:0, instance:com.qa.testcases.LoginPageTest@4566d049]" started-at="2025-07-17T17:57:58 UTC" name="setUpBase" finished-at="2025-07-17T17:58:01 UTC" duration-ms="3361" status="PASS">
          <params>
            <param index="0">
              <value>
                <![CDATA[public void com.qa.testcases.LoginPageTest.LogOutTest() throws java.lang.Exception]]>
              </value>
            </param>
            <param index="1">
              <value>
                <![CDATA[[TestResult name={null} status=CREATED method=LoginPageTest.LogOutTest()[pri:5, instance:com.qa.testcases.LoginPageTest@4566d049] output={null}]]]>
              </value>
            </param>
            <param index="2">
              <value>
                <![CDATA[FireFox]]>
              </value>
            </param>
          </params>
          <reporter-output>
          </reporter-output>
        </test-method> <!-- setUpBase -->
        <test-method is-config="true" signature="tearDown()[pri:0, instance:com.qa.testcases.LoginPageTest@4566d049]" started-at="2025-07-17T17:58:00 UTC" name="tearDown" finished-at="2025-07-17T17:58:01 UTC" duration-ms="1168" status="PASS">
          <reporter-output>
          </reporter-output>
        </test-method> <!-- tearDown -->
        <test-method is-config="true" signature="navigateToLoginPage(java.lang.reflect.Method)[pri:0, instance:com.qa.testcases.LoginPageTest@4566d049]" started-at="2025-07-17T17:58:01 UTC" name="navigateToLoginPage" finished-at="2025-07-17T17:58:01 UTC" duration-ms="1" status="PASS">
          <params>
            <param index="0">
              <value>
                <![CDATA[public void com.qa.testcases.LoginPageTest.LogOutTest() throws java.lang.Exception]]>
              </value>
            </param>
          </params>
          <reporter-output>
          </reporter-output>
        </test-method> <!-- navigateToLoginPage -->
        <test-method signature="LogOutTest()[pri:5, instance:com.qa.testcases.LoginPageTest@4566d049]" started-at="2025-07-17T17:58:01 UTC" name="LogOutTest" finished-at="2025-07-17T17:58:06 UTC" duration-ms="4802" status="PASS">
          <reporter-output>
          </reporter-output>
        </test-method> <!-- LogOutTest -->
        <test-method is-config="true" signature="tearDown()[pri:0, instance:com.qa.testcases.LoginPageTest@4566d049]" started-at="2025-07-17T17:58:06 UTC" name="tearDown" finished-at="2025-07-17T17:58:07 UTC" duration-ms="676" status="PASS">
          <reporter-output>
          </reporter-output>
        </test-method> <!-- tearDown -->
        <test-method is-config="true" signature="tearDown()[pri:0, instance:com.qa.testcases.LoginPageTest@4566d049]" started-at="2025-07-17T17:58:11 UTC" name="tearDown" finished-at="2025-07-17T17:58:11 UTC" duration-ms="682" status="PASS">
          <reporter-output>
          </reporter-output>
        </test-method> <!-- tearDown -->
        <test-method is-config="true" signature="setUpBase(java.lang.reflect.Method,org.testng.ITestResult,java.lang.String)[pri:0, instance:com.qa.testcases.LoginPageTest@4566d049]" started-at="2025-07-17T17:58:11 UTC" name="setUpBase" finished-at="2025-07-17T17:58:14 UTC" duration-ms="2792" status="PASS">
          <params>
            <param index="0">
              <value>
                <![CDATA[public void com.qa.testcases.LoginPageTest.NeedHelpRedirectTest() throws java.lang.Exception]]>
              </value>
            </param>
            <param index="1">
              <value>
                <![CDATA[[TestResult name={null} status=CREATED method=LoginPageTest.NeedHelpRedirectTest()[pri:3, instance:com.qa.testcases.LoginPageTest@4566d049] output={null}]]]>
              </value>
            </param>
            <param index="2">
              <value>
                <![CDATA[FireFox]]>
              </value>
            </param>
          </params>
          <reporter-output>
          </reporter-output>
        </test-method> <!-- setUpBase -->
        <test-method is-config="true" signature="navigateToLoginPage(java.lang.reflect.Method)[pri:0, instance:com.qa.testcases.LoginPageTest@4566d049]" started-at="2025-07-17T17:58:14 UTC" name="navigateToLoginPage" finished-at="2025-07-17T17:58:14 UTC" duration-ms="1" status="PASS">
          <params>
            <param index="0">
              <value>
                <![CDATA[public void com.qa.testcases.LoginPageTest.NeedHelpRedirectTest() throws java.lang.Exception]]>
              </value>
            </param>
          </params>
          <reporter-output>
          </reporter-output>
        </test-method> <!-- navigateToLoginPage -->
        <test-method signature="NeedHelpRedirectTest()[pri:3, instance:com.qa.testcases.LoginPageTest@4566d049]" started-at="2025-07-17T17:58:14 UTC" name="NeedHelpRedirectTest" finished-at="2025-07-17T17:58:14 UTC" duration-ms="366" status="PASS">
          <reporter-output>
          </reporter-output>
        </test-method> <!-- NeedHelpRedirectTest -->
        <test-method is-config="true" signature="tearDown()[pri:0, instance:com.qa.testcases.LoginPageTest@4566d049]" started-at="2025-07-17T17:58:14 UTC" name="tearDown" finished-at="2025-07-17T17:58:15 UTC" duration-ms="683" status="PASS">
          <reporter-output>
          </reporter-output>
        </test-method> <!-- tearDown -->
      </class> <!-- com.qa.testcases.LoginPageTest -->
    </test> <!-- UI Test Cases -->
  </suite> <!-- FROST UI Automation Suite -->
</testng-results>
